db_0032_536f8a4c.pbm 2
db_0045_536f8a4f.pbm "EZ"
db_e000_536f8a50.pbm e000
db_e000_536f8a51.pbm e000
db_e000_536f8a51.pbm e000
db_e000_536f8a52.pbm e000
db_e000_536f8a53.pbm e000
db_e000_536f8a53.pbm e000
db_e000_536f8a6d.pbm e000
db_e000_536f8a6e.pbm e000
db_e000_536f8a6f.pbm e000
db_e000_536f8a70.pbm e000
db_e000_536f8a70.pbm e000
db_e000_536f8a71.pbm e000
db_e000_536f8ae5.pbm e000
db_e000_536f8ae6.pbm e000
db_e000_536f8ae6.pbm e000
db_e000_536f8ae7.pbm e000
db_e000_536f8ae8.pbm e000
db_e000_536f8ae9.pbm e000
db_002e_536f8d48.pbm ".2"
db_e000_536f9021.pbm e000
db_e000_536f9022.pbm e000
db_e000_536f9023.pbm e000
db_e000_536f9024.pbm e000
db_e000_536f9024.pbm e000
db_e000_536f9025.pbm e000
db_0030_536f906e.pbm 0
db_0031_536f9070.pbm 1
db_002e_536f9073.pbm 002e
db_0034_536f907e.pbm "43"
db_e000_536f9080.pbm e000
db_e000_536f9080.pbm e000
db_e000_536f9081.pbm e000
db_e000_536f9082.pbm e000
db_e000_536f9083.pbm e000
db_e000_536f9083.pbm e000
db_002e_536f9085.pbm 002e
db_0030_536f91f6.pbm 0
db_e000_536f91f9.pbm e000
db_e000_536f91fa.pbm e000
db_e000_536f91fa.pbm e000
db_e000_536f91fb.pbm e000
db_e000_536f91fc.pbm e000
db_e000_536f91fd.pbm e000
db_002e_536f9204.pbm 002e
db_e000_536f9206.pbm e000
db_e000_536f9207.pbm e000
db_e000_536f9207.pbm e000
db_e000_536f9208.pbm e000
db_e000_536f9209.pbm e000
db_e000_536f9209.pbm e000
db_002e_536f920c.pbm 002e
db_e000_536f920e.pbm e000
db_e000_536f920e.pbm e000
db_e000_536f9210.pbm e000
db_e000_536f9210.pbm e000
db_e000_536f9211.pbm e000
db_e000_536f9212.pbm e000
db_002e_536f9216.pbm 002e
db_e000_536f9218.pbm e000
db_e000_536f9218.pbm e000
db_e000_536f9219.pbm e000
db_e000_536f921a.pbm e000
db_e000_536f921b.pbm e000
db_e000_536f921b.pbm e000
db_002e_536f921e.pbm 002e
db_e000_536f9220.pbm e000
db_e000_536f9221.pbm e000
db_e000_536f9222.pbm e000
db_e000_536f9223.pbm e000
db_e000_536f9224.pbm e000
db_e000_536f9224.pbm e000
db_002e_536f9227.pbm 002e
db_e000_536f9228.pbm e000
db_e000_536f9229.pbm e000
db_e000_536f922a.pbm e000
db_e000_536f922b.pbm e000
db_e000_536f922b.pbm e000
db_e000_536f922c.pbm e000
db_002e_536f922f.pbm 002e
db_e000_536f9232.pbm e000
db_e000_536f9232.pbm e000
db_e000_536f9233.pbm e000
db_e000_536f9234.pbm e000
db_e000_536f9234.pbm e000
db_e000_536f9236.pbm e000
db_002e_536f9238.pbm 002e
db_e000_536f9239.pbm e000
db_e000_536f923a.pbm e000
db_e000_536f923b.pbm e000
db_e000_536f923b.pbm e000
db_e000_536f923c.pbm e000
db_e000_536f923c.pbm e000
db_002e_536f9242.pbm 002e
db_e000_536f9245.pbm e000
db_e000_536f9245.pbm e000
db_e000_536f9246.pbm e000
db_e000_536f9247.pbm e000
db_e000_536f9247.pbm e000
db_e000_536f9248.pbm e000
db_002e_536f924a.pbm 002e
db_e000_536f924b.pbm e000
db_e000_536f924b.pbm e000
db_e000_536f924c.pbm e000
db_e000_536f924d.pbm e000
db_e000_536f924d.pbm e000
db_e000_536f924e.pbm e000
db_002e_536f9250.pbm 002e
db_e000_536f9251.pbm e000
db_e000_536f9252.pbm e000
db_e000_536f9252.pbm e000
db_e000_536f9254.pbm e000
db_e000_536f9255.pbm e000
db_e000_536f9255.pbm e000
db_002e_536f9257.pbm 002e
db_e000_536f9258.pbm e000
db_e000_536f9259.pbm e000
db_e000_536f9259.pbm e000
db_e000_536f925a.pbm e000
db_e000_536f925b.pbm e000
db_e000_536f925b.pbm e000
db_002e_536f925c.pbm 002e
db_e000_536f925e.pbm e000
db_e000_536f925e.pbm e000
db_e000_536f925f.pbm e000
db_e000_536f9260.pbm e000
db_e000_536f9260.pbm e000
db_e000_536f9261.pbm e000
db_002e_536f9263.pbm 002e
db_e000_536f9264.pbm e000
db_e000_536f9265.pbm e000
db_e000_536f9265.pbm e000
db_e000_536f9266.pbm e000
db_e000_536f9266.pbm e000
db_e000_536f9267.pbm e000
db_002e_536f9269.pbm 002e
db_e000_536f926b.pbm e000
db_e000_536f926c.pbm e000
db_e000_536f926d.pbm e000
db_e000_536f9276.pbm e000
db_e000_536f9277.pbm e000
db_e000_536f9278.pbm e000
db_002e_536f9279.pbm 002e
db_e000_536f927a.pbm e000
db_e000_536f927b.pbm e000
db_e000_536f927b.pbm e000
db_e000_536f927c.pbm e000
db_e000_536f927d.pbm e000
db_e000_536f927d.pbm e000
db_002e_536f927f.pbm 002e
db_e000_536f9280.pbm e000
db_e000_536f9281.pbm e000
db_e000_536f9281.pbm e000
db_e000_536f9282.pbm e000
db_e000_536f9282.pbm e000
db_e000_536f9283.pbm e000
db_002e_536f9284.pbm 002e
db_e000_536f9285.pbm e000
db_e000_536f9286.pbm e000
db_e000_536f9286.pbm e000
db_e000_536f9287.pbm e000
db_e000_536f9288.pbm e000
db_e000_536f9289.pbm e000
db_002e_536f928a.pbm 002e
db_e000_536f928b.pbm e000
db_e000_536f928b.pbm e000
db_e000_536f928c.pbm e000
db_e000_536f928c.pbm e000
db_e000_536f928d.pbm e000
db_e000_536f928d.pbm e000
db_002e_536f928f.pbm 002e
db_e000_536f928f.pbm e000
db_e000_536f9290.pbm e000
db_e000_536f9290.pbm e000
db_e000_536f9295.pbm e000
db_e000_536f9296.pbm e000
db_e000_536f9297.pbm e000
db_002e_536f9299.pbm 002e
db_e000_536f9299.pbm e000
db_e000_536f929a.pbm e000
db_e000_536f929a.pbm e000
db_e000_536f929b.pbm e000
db_e000_536f929c.pbm e000
db_e000_536f929c.pbm e000
db_002e_536f929e.pbm 002e
db_e000_536f929f.pbm e000
db_e000_536f929f.pbm e000
db_e000_536f92a0.pbm e000
db_e000_536f92a0.pbm e000
db_e000_536f92a1.pbm e000
db_e000_536f92a1.pbm e000
db_002e_536f92a3.pbm 002e
db_e000_536f92a3.pbm e000
db_e000_536f92a4.pbm e000
db_e000_536f92a4.pbm e000
db_e000_536f92a5.pbm e000
db_e000_536f92a6.pbm e000
db_e000_536f92a6.pbm e000
db_e000_536f92a7.pbm e000
db_e000_536f92a8.pbm e000
db_e000_536f92a8.pbm e000
db_e000_536f92a9.pbm e000
db_e000_536f92a9.pbm e000
db_e000_536f92aa.pbm e000
db_e000_536f92ab.pbm e000
db_e000_536f92ab.pbm e000
db_e000_536f92ac.pbm e000
db_e000_536f92ad.pbm e000
db_e000_536f92ad.pbm e000
db_e000_536f92ae.pbm e000
db_e000_536f92af.pbm e000
db_e000_536f92af.pbm e000
db_e000_536f92b0.pbm e000
db_e000_536f92b0.pbm e000
db_e000_536f92b1.pbm e000
db_e000_536f92b2.pbm e000
db_e000_536f92b2.pbm e000
db_e000_536f92b3.pbm e000
db_e000_536f92b3.pbm e000
db_e000_536f92b4.pbm e000
db_e000_536f92b5.pbm e000
db_e000_536f92b6.pbm e000
db_e000_536f92b6.pbm e000
db_e000_536f92b7.pbm e000
db_e000_536f92b8.pbm e000
db_e000_536f92b9.pbm e000
db_e000_536f92b9.pbm e000
db_e000_536f92ba.pbm e000
db_e000_536f92bb.pbm e000
db_e000_536f92bb.pbm e000
db_e000_536f92bc.pbm e000
db_e000_536f92bc.pbm e000
db_e000_536f92bc.pbm e000
db_e000_536f92bd.pbm e000
db_e000_536f92bd.pbm e000
db_e000_536f92be.pbm e000
db_e000_536f92be.pbm e000
db_e000_536f92bf.pbm e000
db_e000_536f92bf.pbm e000
db_e000_536f92c0.pbm e000
db_e000_536f92c0.pbm e000
db_e000_536f92c1.pbm e000
db_e000_536f92c2.pbm e000
db_e000_536f92c2.pbm e000
db_e000_536f92c3.pbm e000
db_e000_536f92c3.pbm e000
db_e000_536f92c4.pbm e000
db_e000_536f92c4.pbm e000
db_e000_536f92c5.pbm e000
db_e000_536f92c5.pbm e000
db_e000_536f92c6.pbm e000
db_e000_536f92c6.pbm e000
db_e000_536f92c7.pbm e000
db_e000_536f92c7.pbm e000
db_e000_536f92c8.pbm e000
db_e000_536f92c8.pbm e000
db_e000_536f92c9.pbm e000
db_e000_536f92c9.pbm e000
db_e000_536f92ca.pbm e000
db_e000_536f92ca.pbm e000
db_e000_536f92cb.pbm e000
db_e000_536f92cb.pbm e000
db_e000_536f92cc.pbm e000
db_e000_536f92cc.pbm e000
db_e000_536f92cd.pbm e000
db_e000_536f92ce.pbm e000
db_e000_536f92ce.pbm e000
db_e000_536f92cf.pbm e000
db_e000_536f92d0.pbm e000
db_e000_536f92d1.pbm e000
db_e000_536f92d2.pbm e000
db_e000_536f92d3.pbm e000
db_e000_536f92d3.pbm e000
db_e000_536f92d4.pbm e000
db_e000_536f92d5.pbm e000
db_e000_536f92d6.pbm e000
db_e000_536f92d7.pbm e000
db_e000_536f92d7.pbm e000
db_e000_536f92d8.pbm e000
db_e000_536f92d8.pbm e000
db_e000_536f92d9.pbm e000
db_e000_536f92da.pbm e000
db_e000_536f92db.pbm e000
db_e000_536f92db.pbm e000
db_e000_536f92dc.pbm e000
db_e000_536f92dd.pbm e000
db_e000_536f92dd.pbm e000
db_e000_536f92de.pbm e000
db_e000_536f92df.pbm e000
db_e000_536f92df.pbm e000
db_e000_536f92e0.pbm e000
db_e000_536f92e1.pbm e000
db_e000_536f92e1.pbm e000
db_e000_536f92e2.pbm e000
db_e000_536f92e3.pbm e000
db_e000_536f92e3.pbm e000
db_e000_536f92e4.pbm e000
db_e000_536f92e5.pbm e000
db_e000_536f92e5.pbm e000
db_e000_536f92e6.pbm e000
db_e000_536f92e6.pbm e000
db_e000_536f92e7.pbm e000
db_e000_536f92e8.pbm e000
db_e000_536f92e8.pbm e000
db_e000_536f92e9.pbm e000
db_e000_536f92ea.pbm e000
db_e000_536f92ea.pbm e000
db_e000_536f92eb.pbm e000
db_e000_536f92eb.pbm e000
db_e000_536f92ec.pbm e000
db_e000_536f92ed.pbm e000
db_e000_536f92ee.pbm e000
db_e000_536f92ee.pbm e000
db_e000_536f92ef.pbm e000
db_e000_536f92f0.pbm e000
db_e000_536f92f1.pbm e000
db_e000_536f92f4.pbm e000
db_002e_536f92f6.pbm 002e
db_e000_536f92f7.pbm e000
db_e000_536f92f7.pbm e000
db_e000_536f92f8.pbm e000
db_e000_536f92f9.pbm e000
db_e000_536f92f9.pbm e000
db_e000_536f92fa.pbm e000
db_002e_536f92fb.pbm 002e
db_002e_536f92fd.pbm 002e
db_0035_536f9301.pbm 5
db_0034_536f9303.pbm 4
db_004d_536f9306.pbm M
db_0037_536f9308.pbm 7
db_002e_536f930b.pbm 002e
db_002e_536f930b.pbm 002e
db_002e_536f930c.pbm 002e
db_002e_536f930d.pbm 002e
db_002e_536f930d.pbm 002e
db_002e_536f930e.pbm 002e
db_0039_536f9311.pbm 9
db_0036_536f9317.pbm 6
db_e000_536f9319.pbm e000
db_e000_536f9319.pbm e000
db_e000_536f931a.pbm e000
db_e000_536f931a.pbm e000
db_e000_536f931b.pbm e000
db_e000_536f931c.pbm e000
db_002e_536f931f.pbm 002e
db_e000_536f9321.pbm e000
db_e000_536f9321.pbm e000
db_e000_536f9322.pbm e000
db_e000_536f9323.pbm e000
db_e000_536f9324.pbm e000
db_e000_536f9325.pbm e000
db_002e_536f9326.pbm 002e
db_e000_536f9328.pbm e000
db_e000_536f9328.pbm e000
db_e000_536f9329.pbm e000
db_e000_536f932a.pbm e000
db_e000_536f932a.pbm e000
db_e000_536f932b.pbm e000
db_002e_536f932d.pbm 002e
db_e000_536f932e.pbm e000
db_e000_536f932e.pbm e000
db_e000_536f932f.pbm e000
db_e000_536f9330.pbm e000
db_e000_536f9330.pbm e000
db_e000_536f9331.pbm e000
db_002e_536f9333.pbm 002e
db_e000_536f9335.pbm e000
db_e000_536f9335.pbm e000
db_e000_536f9336.pbm e000
db_e000_536f9337.pbm e000
db_e000_536f9338.pbm e000
db_e000_536f9339.pbm e000
db_002e_536f933a.pbm 002e
db_e000_536f933c.pbm e000
db_e000_536f933c.pbm e000
db_e000_536f933d.pbm e000
db_e000_536f933e.pbm e000
db_e000_536f933e.pbm e000
db_e000_536f933f.pbm e000
db_002e_536f9340.pbm 002e
db_e000_536f9341.pbm e000
db_e000_536f9342.pbm e000
db_e000_536f9342.pbm e000
db_e000_536f9344.pbm e000
db_e000_536f9344.pbm e000
db_e000_536f9345.pbm e000
db_002e_536f9346.pbm 002e
db_e000_536f9348.pbm e000
db_e000_536f9348.pbm e000
db_e000_536f9349.pbm e000
db_e000_536f934a.pbm e000
db_e000_536f934b.pbm e000
db_e000_536f934b.pbm e000
db_002e_536f934d.pbm 002e
db_0038_536f9352.pbm 8
db_002e_536f9354.pbm 002e
db_002e_536f9354.pbm 002e
db_002e_536f9355.pbm 002e
db_002e_536f9355.pbm 002e
db_002e_536f9356.pbm 002e
db_002e_536f9357.pbm 002e
db_e000_536f935c.pbm e000
db_e000_536f935c.pbm e000
db_e000_536f935d.pbm e000
db_e000_536f935e.pbm e000
db_e000_536f935e.pbm e000
db_e000_536f935f.pbm e000
db_002e_536f9360.pbm 002e
db_e000_536f9361.pbm e000
db_e000_536f9362.pbm e000
db_e000_536f9362.pbm e000
db_e000_536f9363.pbm e000
db_e000_536f9364.pbm e000
db_e000_536f9364.pbm e000
db_002e_536f9366.pbm 002e
db_e000_536f9367.pbm e000
db_e000_536f9367.pbm e000
db_e000_536f9368.pbm e000
db_e000_536f936a.pbm e000
db_e000_536f936a.pbm e000
db_e000_536f936b.pbm e000
db_002e_536f936c.pbm 002e
db_e000_536f936d.pbm e000
db_e000_536f936e.pbm e000
db_e000_536f936e.pbm e000
db_e000_536f936f.pbm e000
db_e000_536f9370.pbm e000
db_e000_536f9371.pbm e000
db_002e_536f9373.pbm 002e
db_e000_536f9374.pbm e000
db_e000_536f9374.pbm e000
db_e000_536f9375.pbm e000
db_e000_536f9376.pbm e000
db_e000_536f9376.pbm e000
db_e000_536f9377.pbm e000
db_002e_536f9378.pbm 002e
db_e000_536f9379.pbm e000
db_e000_536f937a.pbm e000
db_e000_536f937a.pbm e000
db_e000_536f937b.pbm e000
db_e000_536f937c.pbm e000
db_e000_536f937c.pbm e000
db_002e_536f937e.pbm 002e
db_e000_536f937f.pbm e000
db_e000_536f937f.pbm e000
db_e000_536f9381.pbm e000
db_e000_536f9382.pbm e000
db_e000_536f9383.pbm e000
db_e000_536f9384.pbm e000
db_002e_536f9385.pbm 002e
db_e000_536f9386.pbm e000
db_e000_536f9387.pbm e000
db_e000_536f9387.pbm e000
db_e000_536f9388.pbm e000
db_e000_536f9388.pbm e000
db_e000_536f9389.pbm e000
db_002e_536f938b.pbm 002e
db_e000_536f938c.pbm e000
db_e000_536f938d.pbm e000
db_e000_536f938d.pbm e000
db_e000_536f938f.pbm e000
db_e000_536f938f.pbm e000
db_e000_536f9390.pbm e000
db_002e_536f9391.pbm 002e
db_e000_536f9392.pbm e000
db_e000_536f9392.pbm e000
db_e000_536f9393.pbm e000
db_e000_536f9394.pbm e000
db_e000_536f9395.pbm e000
db_e000_536f9395.pbm e000
db_002e_536f9397.pbm 002e
db_e000_536f9398.pbm e000
db_e000_536f9398.pbm e000
db_e000_536f9398.pbm e000
db_e000_536f9399.pbm e000
db_e000_536f939a.pbm e000
db_e000_536f939b.pbm e000
db_002e_536f939c.pbm 002e
db_e000_536f939d.pbm e000
db_e000_536f939d.pbm e000
db_e000_536f939e.pbm e000
db_e000_536f939f.pbm e000
db_e000_536f939f.pbm e000
db_e000_536f93a0.pbm e000
db_e000_536f93a1.pbm e000
db_e000_536f93a1.pbm e000
db_e000_536f93a2.pbm e000
db_e000_536f93a3.pbm e000
db_e000_536f93a3.pbm e000
db_e000_536f93a4.pbm e000
db_e000_536f93a4.pbm e000
db_e000_536f93a5.pbm e000
db_e000_536f93a5.pbm e000
db_e000_536f93a6.pbm e000
db_e000_536f93a7.pbm e000
db_e000_536f93a7.pbm e000
db_e000_536f93a8.pbm e000
db_e000_536f93a9.pbm e000
db_e000_536f93a9.pbm e000
db_e000_536f93aa.pbm e000
db_e000_536f93ab.pbm e000
db_e000_536f93ab.pbm e000
db_e000_536f93ac.pbm e000
db_e000_536f93ac.pbm e000
db_e000_536f93ad.pbm e000
db_e000_536f93ad.pbm e000
db_e000_536f93ae.pbm e000
db_e000_536f93af.pbm e000
db_e000_536f93af.pbm e000
db_e000_536f93b0.pbm e000
db_e000_536f93b1.pbm e000
db_e000_536f93b1.pbm e000
db_e000_536f93b2.pbm e000
db_e000_536f93b2.pbm e000
db_e000_536f93b4.pbm e000
db_e000_536f93b4.pbm e000
db_e000_536f93b5.pbm e000
db_e000_536f93b6.pbm e000
db_e000_536f93b6.pbm e000
db_e000_536f93b7.pbm e000
db_e000_536f93b9.pbm e000
db_e000_536f93b9.pbm e000
db_e000_536f93ba.pbm e000
db_e000_536f93ba.pbm e000
db_e000_536f93bb.pbm e000
db_e000_536f93bc.pbm e000
db_e000_536f93bc.pbm e000
db_e000_536f93bc.pbm e000
db_e000_536f93bd.pbm e000
db_e000_536f93be.pbm e000
db_e000_536f93be.pbm e000
db_e000_536f93bf.pbm e000
db_e000_536f93bf.pbm e000
db_e000_536f93c0.pbm e000
db_e000_536f93c0.pbm e000
db_e000_536f93c1.pbm e000
db_e000_536f93c1.pbm e000
db_e000_536f93c2.pbm e000
db_e000_536f93c2.pbm e000
db_e000_536f93c3.pbm e000
db_e000_536f93c4.pbm e000
db_e000_536f93c4.pbm e000
db_e000_536f93c5.pbm e000
db_e000_536f93c6.pbm e000
db_e000_536f93c7.pbm e000
db_e000_536f93c7.pbm e000
db_e000_536f93c8.pbm e000
db_e000_536f93c8.pbm e000
db_e000_536f93c9.pbm e000
db_e000_536f93ca.pbm e000
db_e000_536f93cb.pbm e000
db_e000_536f93cb.pbm e000
db_e000_536f93cc.pbm e000
db_e000_536f93cd.pbm e000
db_e000_536f93cd.pbm e000
db_e000_536f93ce.pbm e000
db_e000_536f93cf.pbm e000
db_e000_536f93cf.pbm e000
db_e000_536f93d0.pbm e000
db_e000_536f93d0.pbm e000
db_e000_536f93d1.pbm e000
db_e000_536f93d2.pbm e000
db_e000_536f93d3.pbm e000
db_e000_536f93d3.pbm e000
db_e000_536f93d4.pbm e000
db_e000_536f93d4.pbm e000
db_e000_536f93d5.pbm e000
db_e000_536f93f5.pbm e000
db_e000_536f93f6.pbm e000
db_e000_536f93f6.pbm e000
db_e000_536f93f7.pbm e000
db_e000_536f93f7.pbm e000
db_e000_536f93f8.pbm e000
db_e000_536f93f8.pbm e000
db_e000_536f93f9.pbm e000
db_e000_536f93f9.pbm e000
db_e000_536f93fa.pbm e000
db_e000_536f93fa.pbm e000
db_e000_536f93fa.pbm e000
db_e000_536f93fb.pbm e000
db_e000_536f93fb.pbm e000
db_e000_536f93fc.pbm e000
db_e000_536f93fc.pbm e000
db_e000_536f93fc.pbm e000
db_e000_536f93fd.pbm e000
db_e000_536f93fd.pbm e000
db_e000_536f93fe.pbm e000
db_e000_536f93fe.pbm e000
db_e000_536f93fe.pbm e000
db_e000_536f93ff.pbm e000
db_e000_536f93ff.pbm e000
db_e000_536f9400.pbm e000
db_e000_536f9400.pbm e000
db_e000_536f9401.pbm e000
db_e000_536f9401.pbm e000
db_e000_536f9402.pbm e000
db_e000_536f9402.pbm e000
db_e000_536f9403.pbm e000
db_e000_536f9404.pbm e000
db_e000_536f9404.pbm e000
db_e000_536f9405.pbm e000
db_e000_536f9405.pbm e000
db_e000_536f9406.pbm e000
db_002e_536f9407.pbm 002e
db_0034_5371cff9.pbm "45"
db_e000_5371e140.pbm e000
db_0032_5371e34b.pbm "22"
db_e000_5371e50e.pbm e000
db_e000_5371e50f.pbm e000
db_e000_5371e510.pbm e000
db_0035_5371e514.pbm "52"
db_e000_5371e528.pbm e000
db_0030_5371e6a7.pbm 0
db_0034_5371e6ab.pbm "45"
db_004d_5371e6ad.pbm M
db_002e_5371e6af.pbm 002e
db_002e_5371e6af.pbm 002e
db_002e_5371e6b0.pbm 002e
db_002e_5371e6b1.pbm 002e
db_e000_5371e6b1.pbm e000
db_002e_5371e6b2.pbm 002e
db_0038_5371e6b9.pbm 8
db_002e_5371e6bc.pbm 002e
db_0030_5371e805.pbm 0
db_0034_5371e809.pbm "45"
db_004d_5371e80b.pbm M
db_002e_5371e80d.pbm 002e
db_002e_5371e80e.pbm 002e
db_002e_5371e80f.pbm 002e
db_002e_5371e810.pbm 002e
db_e000_5371e812.pbm e000
db_002e_5371e813.pbm 002e
db_0038_5371e817.pbm 8
db_002e_5371e819.pbm 002e
db_0030_5371ea50.pbm "03"
db_e000_5371ea5b.pbm e000
db_e000_5371ea5d.pbm e000
db_e000_5371ea5e.pbm e000
db_0033_5371ea61.pbm "32"
db_e000_5371ea63.pbm e000
db_e000_5371ea65.pbm e000
db_e000_5371ea65.pbm e000
db_e000_5371ea66.pbm e000
db_e000_5371ea67.pbm e000
db_e000_5371ea67.pbm e000
db_e000_5371ea68.pbm e000
db_e000_5371ea69.pbm e000
db_e000_5371ea69.pbm e000
db_0030_5371ebd4.pbm "04"
db_e000_5371ebdb.pbm e000
db_e000_5371ebdc.pbm e000
db_e000_5371ebdd.pbm e000
db_e000_5371ebde.pbm e000
db_e000_5371ebde.pbm e000
db_e000_5371ebdf.pbm e000
db_e000_5371ec7c.pbm e000
db_e000_5371ec7d.pbm e000
db_e000_5371ec7d.pbm e000
db_e000_5371ec7e.pbm e000
db_e000_5371ec7f.pbm e000
db_e000_5371ec80.pbm e000
db_e000_5371ecbc.pbm e000
db_e000_5371ecbd.pbm e000
db_e000_5371ecbd.pbm e000
db_e000_5371ecbe.pbm e000
db_e000_5371ecbf.pbm e000
db_e000_5371ecc0.pbm e000
db_0030_5371ecd3.pbm 0
db_e000_5371ecd4.pbm e000
db_e000_5371ecd5.pbm e000
db_e000_5371ecd5.pbm e000
db_e000_5371ecd6.pbm e000
db_e000_5371ecd7.pbm e000
db_e000_5371ecd7.pbm e000
db_002e_5371ecd8.pbm 002e
db_e000_5371ee68.pbm e000
db_e000_5371ee69.pbm e000
db_e000_5371ee69.pbm e000
db_e000_5371ee6a.pbm e000
db_e000_5371ee6b.pbm e000
db_e000_5371ee6c.pbm e000
db_e000_5371ee6c.pbm e000
db_e000_5371ee6d.pbm e000
db_e000_5371ee6e.pbm e000
db_e000_5371ee6e.pbm e000
db_e000_5371ee6f.pbm e000
db_e000_5371ee70.pbm e000
db_e000_5371ee71.pbm e000
db_e000_5371ee71.pbm e000
db_e000_5371ee72.pbm e000
db_e000_5371eed4.pbm e000
db_e000_5371eed5.pbm e000
db_e000_5371eed5.pbm e000
db_e000_5371eed6.pbm e000
db_e000_5371eed6.pbm e000
db_e000_5371eed7.pbm e000
db_e000_5371eed7.pbm e000
db_e000_5371eed8.pbm e000
db_e000_5371eed8.pbm e000
db_e000_5371eed9.pbm e000
db_e000_5371eed9.pbm e000
db_e000_5371eeda.pbm e000
db_0030_538dc745.pbm 0
db_0030_538dc749.pbm "06"
